0 info it worked if it ends with ok
1 verbose cli [ '/usr/bin/node', '/usr/bin/npm', 'run', 'build_webpack' ]
2 info using npm@3.5.2
3 info using node@v8.10.0
4 verbose run-script [ 'prebuild_webpack', 'build_webpack', 'postbuild_webpack' ]
5 info lifecycle zdtp@1.0.0~prebuild_webpack: zdtp@1.0.0
6 silly lifecycle zdtp@1.0.0~prebuild_webpack: no script for prebuild_webpack, continuing
7 info lifecycle zdtp@1.0.0~build_webpack: zdtp@1.0.0
8 verbose lifecycle zdtp@1.0.0~build_webpack: unsafe-perm in lifecycle true
9 verbose lifecycle zdtp@1.0.0~build_webpack: PATH: /usr/share/npm/bin/node-gyp-bin:/home/david/workspace/for_production/zdtp/node_modules/.bin:/home/david/.local/bin:/usr/local/sbin:/usr/local/bin:/usr/sbin:/usr/bin:/sbin:/bin:/usr/games:/usr/local/games:/snap/bin
10 verbose lifecycle zdtp@1.0.0~build_webpack: CWD: /home/david/workspace/for_production/zdtp
11 silly lifecycle zdtp@1.0.0~build_webpack: Args: [ '-c', 'webpack --config webpack.config.js' ]
12 silly lifecycle zdtp@1.0.0~build_webpack: Returned: code: 2  signal: null
13 info lifecycle zdtp@1.0.0~build_webpack: Failed to exec build_webpack script
14 verbose stack Error: zdtp@1.0.0 build_webpack: `webpack --config webpack.config.js`
14 verbose stack Exit status 2
14 verbose stack     at EventEmitter.<anonymous> (/usr/share/npm/lib/utils/lifecycle.js:232:16)
14 verbose stack     at emitTwo (events.js:126:13)
14 verbose stack     at EventEmitter.emit (events.js:214:7)
14 verbose stack     at ChildProcess.<anonymous> (/usr/share/npm/lib/utils/spawn.js:24:14)
14 verbose stack     at emitTwo (events.js:126:13)
14 verbose stack     at ChildProcess.emit (events.js:214:7)
14 verbose stack     at maybeClose (internal/child_process.js:925:16)
14 verbose stack     at Process.ChildProcess._handle.onexit (internal/child_process.js:209:5)
15 verbose pkgid zdtp@1.0.0
16 verbose cwd /home/david/workspace/for_production/zdtp
17 error Linux 4.15.0-22-generic
18 error argv "/usr/bin/node" "/usr/bin/npm" "run" "build_webpack"
19 error node v8.10.0
20 error npm  v3.5.2
21 error code ELIFECYCLE
22 error zdtp@1.0.0 build_webpack: `webpack --config webpack.config.js`
22 error Exit status 2
23 error Failed at the zdtp@1.0.0 build_webpack script 'webpack --config webpack.config.js'.
23 error Make sure you have the latest version of node.js and npm installed.
23 error If you do, this is most likely a problem with the zdtp package,
23 error not with npm itself.
23 error Tell the author that this fails on your system:
23 error     webpack --config webpack.config.js
23 error You can get information on how to open an issue for this project with:
23 error     npm bugs zdtp
23 error Or if that isn't available, you can get their info via:
23 error     npm owner ls zdtp
23 error There is likely additional logging output above.
24 verbose exit [ 1, true ]
